\BOOKMARK [1][-]{section*.2}{\376\377\000V\000u\000l\000k\000a\000n\000\040\000Q\000u\000e\000s\000t\000i\000o\000n\000s}{}% 1
\BOOKMARK [1][-]{section*.3}{\376\377\000W\000h\000a\000t\000\040\000I\000f\000\040\000I\000\040\000U\000s\000e\000\040\000S\000a\000s\000c\000h\000a\000\040\000a\000s\000\040\000a\000\040\000s\000t\000a\000r\000t\000i\000n\000g\000\040\000p\000o\000i\000n\000t}{}% 2
\BOOKMARK [1][-]{section*.4}{\376\377\000V\000u\000l\000k\000a\000n\000\040\000R\000e\000s\000o\000u\000r\000c\000e\000s}{}% 3
\BOOKMARK [1][-]{section*.5}{\376\377\000S\000a\000s\000c\000h\000a\000\040\000W\000i\000l\000l\000e\000m\000s\000\040\000H\000e\000l\000p\000e\000r\000s}{}% 4
\BOOKMARK [2][-]{section*.6}{\376\377\000\137\000C\000r\000e\000a\000t\000e\000I\000n\000f\000o\000\040\000a\000n\000d\000\040\000\137\000I\000n\000f\000o}{section*.5}% 5
\BOOKMARK [2][-]{section*.7}{\376\377\000C\000o\000m\000m\000a\000n\000d\000s}{section*.5}% 6
\BOOKMARK [1][-]{section*.8}{\376\377\000S\000a\000s\000c\000h\000a\000\040\000R\000e\000p\000o\000s\000i\000t\000o\000r\000y\000\040\000N\000o\000t\000e\000s}{}% 7
\BOOKMARK [1][-]{section*.9}{\376\377\000R\000e\000a\000d\000i\000n\000g\000\040\000T\000h\000r\000o\000u\000g\000h\000\040\000T\000h\000e\000\040\000V\000u\000l\000k\000a\000n\000\040\000T\000u\000t\000o\000r\000i\000a\000l}{}% 8
\BOOKMARK [1][-]{section*.10}{\376\377\000G\000o\000i\000n\000g\000\040\000T\000h\000r\000o\000u\000g\000h\000\040\000S\000a\000s\000c\000h\000a\000'\000s\000\040\000R\000e\000p\000o\000s\000i\000t\000o\000r\000y}{}% 9
\BOOKMARK [2][-]{section*.11}{\376\377\000I\000d\000e\000a}{section*.10}% 10
\BOOKMARK [2][-]{section*.12}{\376\377\000N\000o\000t\000e\000s\000\040\000O\000n\000\040\000S\000a\000s\000c\000h\000a}{section*.10}% 11
\BOOKMARK [2][-]{section*.13}{\376\377\000Q\000u\000e\000s\000t\000i\000o\000n\000s\000\040\000F\000r\000o\000m\000\040\000S\000a\000s\000c\000h\000a\000'\000s\000\040\000R\000e\000p\000o\000:}{section*.10}% 12
\BOOKMARK [1][-]{section*.14}{\376\377\000T\000h\000e\000o\000r\000y}{}% 13
\BOOKMARK [2][-]{section*.15}{\376\377\000D\000e\000s\000c\000r\000i\000p\000t\000o\000r\000\040\000S\000e\000t}{section*.14}% 14
\BOOKMARK [2][-]{section*.16}{\376\377\000D\000e\000s\000c\000r\000i\000p\000t\000o\000r\000\040\000P\000o\000o\000l\000s}{section*.14}% 15
\BOOKMARK [2][-]{section*.17}{\376\377\000F\000e\000n\000c\000e\000s}{section*.14}% 16
\BOOKMARK [2][-]{section*.18}{\376\377\000S\000e\000m\000a\000p\000h\000o\000r\000e}{section*.14}% 17
\BOOKMARK [2][-]{section*.19}{\376\377\000P\000r\000o\000j\000e\000c\000t\000i\000o\000n\000\040\000M\000a\000t\000r\000i\000x}{section*.14}% 18
\BOOKMARK [2][-]{section*.20}{\376\377\000V\000i\000e\000w\000\040\000M\000o\000d\000e\000l\000\040\000M\000a\000t\000r\000i\000x}{section*.14}% 19
\BOOKMARK [2][-]{section*.21}{\376\377\000D\000e\000p\000t\000h\000\040\000S\000t\000e\000n\000c\000i\000l\000\040\000I\000m\000a\000g\000e}{section*.14}% 20
\BOOKMARK [2][-]{section*.22}{\376\377\000S\000t\000e\000n\000c\000i\000l\000\040\000B\000u\000f\000f\000e\000r}{section*.14}% 21
\BOOKMARK [2][-]{section*.23}{\376\377\000R\000e\000a\000d\000i\000n\000g\000\040\000C\000o\000d\000e\000\040\000S\000n\000i\000p\000p\000e\000t\000\040\000A\000n\000d\000\040\000S\000o\000m\000e\000\040\000R\000e\000s\000u\000l\000t\000i\000n\000g\000\040\000Q\000u\000e\000s\000t\000i\000o\000n\000s}{section*.14}% 22
\BOOKMARK [2][-]{section*.24}{\376\377\000W\000h\000a\000t\000\040\000D\000o\000e\000s\000\040\000'\000C\000I\000'\000\040\000S\000u\000f\000f\000i\000x\000\040\000M\000e\000a\000n\000\040\000I\000n\000\040\000V\000a\000r\000i\000a\000b\000l\000e\000\040\000N\000a\000m\000e\000s\000?}{section*.14}% 23
\BOOKMARK [2][-]{section*.25}{\376\377\000V\000K\000\040\000V\000i\000e\000w}{section*.14}% 24
\BOOKMARK [2][-]{section*.26}{\376\377\000H\000o\000w\000\040\000D\000o\000e\000s\000\040\000A\000\040\000V\000i\000e\000w\000\040\000R\000e\000l\000a\000t\000e\000\040\000T\000o\000\040\000A\000\040\000F\000r\000a\000m\000e\000\040\000B\000u\000f\000f\000e\000r\000?}{section*.14}% 25
\BOOKMARK [2][-]{section*.27}{\376\377\000S\000u\000b\000r\000e\000s\000o\000u\000r\000c\000e}{section*.14}% 26
\BOOKMARK [2][-]{section*.28}{\376\377\000V\000K\000\137\000N\000U\000L\000L\000\137\000H\000A\000N\000D\000L\000E}{section*.14}% 27
\BOOKMARK [2][-]{section*.29}{\376\377\000T\000i\000c\000k\000e\000t\000\040\000N\000u\000m\000b\000e\000r}{section*.14}% 28
\BOOKMARK [2][-]{section*.30}{\376\377\000H\000o\000w\000\040\000i\000s\000\040\000i\000n\000i\000t\000i\000a\000l\000i\000z\000a\000t\000i\000o\000n\000\040\000a\000b\000s\000t\000r\000a\000c\000t\000e\000d\000\040\000w\000i\000t\000h\000\040\000S\000a\000s\000c\000h\000a\000'\000s\000\040\000F\000r\000a\000m\000e\000w\000o\000r\000k\000?}{section*.14}% 29
\BOOKMARK [2][-]{section*.31}{\376\377\000W\000h\000a\000t\000\040\000i\000s\000\040\000m\000u\000l\000t\000i\000s\000a\000m\000p\000l\000i\000n\000g\000\040\000\050\000M\000S\000A\000A\000?\000\051}{section*.14}% 30
\BOOKMARK [2][-]{section*.32}{\376\377\000D\000e\000v\000i\000c\000e\000\040\000v\000s\000.\000\040\000P\000h\000y\000s\000i\000c\000a\000l\000\040\000D\000e\000v\000i\000c\000e}{section*.14}% 31
\BOOKMARK [2][-]{section*.33}{\376\377\000H\000i\000g\000h\000-\000l\000e\000v\000e\000l\000\040\000p\000s\000e\000u\000d\000o\000c\000o\000d\000e\000:\000\040\000B\000a\000s\000i\000c\000\040\000i\000n\000d\000e\000x\000e\000d\000\040\000t\000r\000i\000a\000n\000g\000l\000e\000\040\000\050\000V\000u\000l\000k\000a\000n\000\040\0001\000.\0003\000\051}{section*.14}% 32
\BOOKMARK [2][-]{section*.34}{\376\377\000F\000a\000m\000i\000l\000i\000e\000s\000\040\000a\000n\000d\000\040\000Q\000u\000e\000u\000e\000s}{section*.14}% 33
\BOOKMARK [2][-]{section*.42}{\376\377\000S\000l\000a\000n\000g}{section*.14}% 34
\BOOKMARK [1][-]{section*.43}{\376\377\000C\000+\000+\000\040\000N\000o\000t\000e\000s}{}% 35
\BOOKMARK [2][-]{section*.44}{\376\377\000S\000t\000r\000u\000c\000t\000\040\000v\000s\000.\000\040\000C\000l\000a\000s\000s}{section*.43}% 36
\BOOKMARK [2][-]{section*.45}{\376\377\000C\000o\000n\000s\000t\000r\000u\000c\000t\000o\000r\000\040\000D\000e\000f\000i\000n\000i\000t\000i\000o\000n\000\040\000S\000y\000n\000t\000a\000x}{section*.43}% 37
\BOOKMARK [2][-]{section*.46}{\376\377\000H\000o\000w\000\040\000T\000o\000\040\000M\000a\000k\000e\000\040\000A\000\040\000C\000l\000a\000s\000s}{section*.43}% 38
\BOOKMARK [2][-]{section*.47}{\376\377\000H\000o\000w\000\040\000T\000o\000\040\000M\000a\000k\000e\000\040\000A\000\040\000T\000e\000m\000p\000l\000a\000t\000e\000\040\000C\000l\000a\000s\000s\000?}{section*.43}% 39
\BOOKMARK [2][-]{section*.48}{\376\377\000:\000:\000\040\000O\000p\000e\000r\000a\000t\000o\000r}{section*.43}% 40
\BOOKMARK [1][-]{section*.49}{\376\377\000W\000h\000a\000t\000\040\000I\000s\000\040\000A\000\040\000V\000a\000l\000i\000d\000\040\000S\000t\000a\000r\000t\000i\000n\000g\000\040\000P\000o\000i\000n\000t\000\040\000F\000o\000r\000\040\000M\000y\000\040\000G\000a\000m\000e\000\040\000E\000n\000g\000i\000n\000e\000?}{}% 41
\BOOKMARK [1][-]{section*.51}{\376\377\000G\000l\000o\000s\000s\000a\000r\000y}{}% 42
\BOOKMARK [1][-]{section*.52}{\376\377\000A\000p\000p\000e\000n\000d\000i\000x}{}% 43
